<?xml version="1.0" encoding="UTF-8"?>
<testng-results ignored="0" total="1" passed="1" failed="0" skipped="0">
  <reporter-output>
  </reporter-output>
  <suite started-at="2023-10-07T16:30:27 IST" name="SeleniumTest" finished-at="2023-10-07T16:30:36 IST" duration-ms="8832">
    <groups>
    </groups>
    <test started-at="2023-10-07T16:30:27 IST" name="Command line test" finished-at="2023-10-07T16:30:36 IST" duration-ms="8832">
      <class name="SeleniumTest">
        <test-method signature="setup()[pri:0, instance:SeleniumTest@48524010]" started-at="2023-10-07T16:30:27 IST" name="setup" finished-at="2023-10-07T16:30:36 IST" duration-ms="8804" status="PASS">
          <reporter-output>
          </reporter-output>
        </test-method> <!-- setup -->
      </class> <!-- SeleniumTest -->
    </test> <!-- Command line test -->
  </suite> <!-- SeleniumTest -->
</testng-results>
