<?xml version="1.0" encoding="UTF-8"?>
<testng-results ignored="0" total="1" passed="1" failed="0" skipped="0">
  <reporter-output>
  </reporter-output>
  <suite started-at="2023-10-07T18:23:57 IST" name="Surefire suite" finished-at="2023-10-07T18:24:08 IST" duration-ms="11048">
    <groups>
    </groups>
    <test started-at="2023-10-07T18:23:57 IST" name="Surefire test" finished-at="2023-10-07T18:24:08 IST" duration-ms="11048">
      <class name="SeleniumTest">
        <test-method signature="setup()[pri:0, instance:SeleniumTest@71b1176b]" started-at="2023-10-07T18:23:57 IST" name="setup" finished-at="2023-10-07T18:24:08 IST" duration-ms="10996" status="PASS">
          <reporter-output>
          </reporter-output>
        </test-method> <!-- setup -->
      </class> <!-- SeleniumTest -->
    </test> <!-- Surefire test -->
  </suite> <!-- Surefire suite -->
</testng-results>
